<?xml version="1.0" encoding="UTF-8"?>
<testng-results skipped="0" failed="0" total="1" passed="1">
  <reporter-output>
  </reporter-output>
  <suite name="webdriverMaver.LoginTest" duration-ms="4411" started-at="2016-05-17T19:02:27Z" finished-at="2016-05-17T19:02:32Z">
    <groups>
    </groups>
    <test name="Command line test" duration-ms="4411" started-at="2016-05-17T19:02:27Z" finished-at="2016-05-17T19:02:32Z">
      <class name="webdriverMaver.LoginTest">
        <test-method status="PASS" signature="setup()[pri:0, instance:webdriverMaver.LoginTest@3796751b]" name="setup" is-config="true" duration-ms="9301" started-at="2016-05-18T00:32:18Z" finished-at="2016-05-18T00:32:27Z">
          <reporter-output>
          </reporter-output>
        </test-method> <!-- setup -->
        <test-method status="PASS" signature="dologin()[pri:0, instance:webdriverMaver.LoginTest@3796751b]" name="dologin" duration-ms="4396" started-at="2016-05-18T00:32:27Z" finished-at="2016-05-18T00:32:32Z">
          <reporter-output>
          </reporter-output>
        </test-method> <!-- dologin -->
        <test-method status="PASS" signature="teardown()[pri:0, instance:webdriverMaver.LoginTest@3796751b]" name="teardown" is-config="true" duration-ms="1629" started-at="2016-05-18T00:32:32Z" finished-at="2016-05-18T00:32:34Z">
          <reporter-output>
          </reporter-output>
        </test-method> <!-- teardown -->
      </class> <!-- webdriverMaver.LoginTest -->
    </test> <!-- Command line test -->
  </suite> <!-- webdriverMaver.LoginTest -->
</testng-results>
